<?xml version="1.0" encoding="UTF-8"?>
<testng-results ignored="0" total="1" passed="1" failed="0" skipped="0">
  <reporter-output>
  </reporter-output>
  <suite started-at="2025-03-19T16:34:49 IST" name="com.mycompany.tests.GoogleSearchTest" finished-at="2025-03-19T16:34:56 IST" duration-ms="6853">
    <groups>
    </groups>
    <test started-at="2025-03-19T16:34:49 IST" name="Command line test" finished-at="2025-03-19T16:34:56 IST" duration-ms="6853">
      <class name="com.mycompany.tests.GoogleSearchTest">
        <test-method is-config="true" signature="setUp()[pri:0, instance:com.mycompany.tests.GoogleSearchTest@e50a6f6]" started-at="2025-03-19T16:34:49 IST" name="setUp" finished-at="2025-03-19T16:34:54 IST" duration-ms="4270" status="PASS">
          <reporter-output>
          </reporter-output>
        </test-method> <!-- setUp -->
        <test-method signature="searchSelenium()[pri:0, instance:com.mycompany.tests.GoogleSearchTest@e50a6f6]" started-at="2025-03-19T16:34:54 IST" name="searchSelenium" finished-at="2025-03-19T16:34:56 IST" duration-ms="2282" status="PASS">
          <reporter-output>
          </reporter-output>
        </test-method> <!-- searchSelenium -->
        <test-method is-config="true" signature="tearDown()[pri:0, instance:com.mycompany.tests.GoogleSearchTest@e50a6f6]" started-at="2025-03-19T16:34:56 IST" name="tearDown" finished-at="2025-03-19T16:34:56 IST" duration-ms="262" status="PASS">
          <reporter-output>
          </reporter-output>
        </test-method> <!-- tearDown -->
      </class> <!-- com.mycompany.tests.GoogleSearchTest -->
    </test> <!-- Command line test -->
  </suite> <!-- com.mycompany.tests.GoogleSearchTest -->
</testng-results>
