<?xml version="1.0" encoding="UTF-8"?>
<testng-results ignored="0" total="1" passed="1" failed="0" skipped="0">
  <reporter-output>
  </reporter-output>
  <suite started-at="2025-03-20T08:04:23 IST" name="Selenium Test Suite" finished-at="2025-03-20T08:04:30 IST" duration-ms="6891">
    <groups>
    </groups>
    <test started-at="2025-03-20T08:04:23 IST" name="Google Search Test" finished-at="2025-03-20T08:04:30 IST" duration-ms="6891">
      <class name="com.mycompany.tests.GoogleSearchTest">
        <test-method is-config="true" signature="setUp()[pri:0, instance:com.mycompany.tests.GoogleSearchTest@6b927fb]" started-at="2025-03-20T08:04:23 IST" name="setUp" finished-at="2025-03-20T08:04:28 IST" duration-ms="4693" status="PASS">
          <reporter-output>
          </reporter-output>
        </test-method> <!-- setUp -->
        <test-method signature="searchSelenium()[pri:0, instance:com.mycompany.tests.GoogleSearchTest@6b927fb]" started-at="2025-03-20T08:04:28 IST" name="searchSelenium" finished-at="2025-03-20T08:04:30 IST" duration-ms="1816" status="PASS">
          <reporter-output>
          </reporter-output>
        </test-method> <!-- searchSelenium -->
        <test-method is-config="true" signature="tearDown()[pri:0, instance:com.mycompany.tests.GoogleSearchTest@6b927fb]" started-at="2025-03-20T08:04:30 IST" name="tearDown" finished-at="2025-03-20T08:04:30 IST" duration-ms="315" status="PASS">
          <reporter-output>
          </reporter-output>
        </test-method> <!-- tearDown -->
      </class> <!-- com.mycompany.tests.GoogleSearchTest -->
    </test> <!-- Google Search Test -->
  </suite> <!-- Selenium Test Suite -->
</testng-results>
